  Array.cpp
C:\Users\maksd\source\repos\Lab_6_1\Lab_6_1\Array.h(26,7): warning C4290: спецификация исключений C++ игнорируется, кроме случая, когда указывается, что функция не является __declspec(nothrow)
C:\Users\maksd\source\repos\Lab_6_1\Lab_6_1\Array.h(27,7): warning C4290: спецификация исключений C++ игнорируется, кроме случая, когда указывается, что функция не является __declspec(nothrow)
C:\Users\maksd\source\repos\Lab_6_1\Lab_6_1\Array.h(28,7): warning C4290: спецификация исключений C++ игнорируется, кроме случая, когда указывается, что функция не является __declspec(nothrow)
C:\Users\maksd\source\repos\Lab_6_1\Lab_6_1\Array.h(29,10): warning C4290: спецификация исключений C++ игнорируется, кроме случая, когда указывается, что функция не является __declspec(nothrow)
C:\Users\maksd\source\repos\Lab_6_1\Lab_6_1\Array.h(41,48): warning C4290: спецификация исключений C++ игнорируется, кроме случая, когда указывается, что функция не является __declspec(nothrow)
C:\Users\maksd\source\repos\Lab_6_1\Lab_6_1\Array.h(43,52): warning C4290: спецификация исключений C++ игнорируется, кроме случая, когда указывается, что функция не является __declspec(nothrow)
C:\Users\maksd\source\repos\Lab_6_1\Lab_6_1\Array.h(44,64): warning C4290: спецификация исключений C++ игнорируется, кроме случая, когда указывается, что функция не является __declspec(nothrow)
C:\Users\maksd\source\repos\Lab_6_1\Lab_6_1\Array.h(60,44): warning C4290: спецификация исключений C++ игнорируется, кроме случая, когда указывается, что функция не является __declspec(nothrow)
C:\Users\maksd\source\repos\Lab_6_1\Lab_6_1\Array.cpp(4,34): warning C4290: спецификация исключений C++ игнорируется, кроме случая, когда указывается, что функция не является __declspec(nothrow)
C:\Users\maksd\source\repos\Lab_6_1\Lab_6_1\Array.cpp(13,90): warning C4290: спецификация исключений C++ игнорируется, кроме случая, когда указывается, что функция не является __declspec(nothrow)
C:\Users\maksd\source\repos\Lab_6_1\Lab_6_1\Array.cpp(26,34): warning C4290: спецификация исключений C++ игнорируется, кроме случая, когда указывается, что функция не является __declspec(nothrow)
C:\Users\maksd\source\repos\Lab_6_1\Lab_6_1\Array.cpp(38,45): warning C4290: спецификация исключений C++ игнорируется, кроме случая, когда указывается, что функция не является __declspec(nothrow)
C:\Users\maksd\source\repos\Lab_6_1\Lab_6_1\Array.cpp(73,54): warning C4290: спецификация исключений C++ игнорируется, кроме случая, когда указывается, что функция не является __declspec(nothrow)
C:\Users\maksd\source\repos\Lab_6_1\Lab_6_1\Array.cpp(86,72): warning C4290: спецификация исключений C++ игнорируется, кроме случая, когда указывается, что функция не является __declspec(nothrow)
C:\Users\maksd\source\repos\Lab_6_1\Lab_6_1\Array.cpp(95,19): warning C4290: спецификация исключений C++ игнорируется, кроме случая, когда указывается, что функция не является __declspec(nothrow)
C:\Users\maksd\source\repos\Lab_6_1\Lab_6_1\Array.cpp(110,56): warning C4290: спецификация исключений C++ игнорируется, кроме случая, когда указывается, что функция не является __declspec(nothrow)
C:\Users\maksd\source\repos\Lab_6_1\Lab_6_1\Array.cpp(111,1): warning C5043: "Array::pop_back": спецификация исключения не соответствует предыдущему объявлению
C:\Users\maksd\source\repos\Lab_6_1\Lab_6_1\Array.h(51): message : см. объявление "Array::pop_back"
C:\Users\maksd\source\repos\Lab_6_1\Lab_6_1\Array.cpp(149,20): warning C4018: <: несоответствие типов со знаком и без знака
C:\Users\maksd\source\repos\Lab_6_1\Lab_6_1\Array.cpp(165,58): warning C4290: спецификация исключений C++ игнорируется, кроме случая, когда указывается, что функция не является __declspec(nothrow)
C:\Users\maksd\source\repos\Lab_6_1\Lab_6_1\Array.cpp(177,10): warning C4244: инициализация: преобразование "Array::value_type" в "int", возможна потеря данных
  Lab_6_1.cpp
C:\Users\maksd\source\repos\Lab_6_1\Lab_6_1\Array.h(26,7): warning C4290: спецификация исключений C++ игнорируется, кроме случая, когда указывается, что функция не является __declspec(nothrow)
C:\Users\maksd\source\repos\Lab_6_1\Lab_6_1\Array.h(27,7): warning C4290: спецификация исключений C++ игнорируется, кроме случая, когда указывается, что функция не является __declspec(nothrow)
C:\Users\maksd\source\repos\Lab_6_1\Lab_6_1\Array.h(28,7): warning C4290: спецификация исключений C++ игнорируется, кроме случая, когда указывается, что функция не является __declspec(nothrow)
C:\Users\maksd\source\repos\Lab_6_1\Lab_6_1\Array.h(29,10): warning C4290: спецификация исключений C++ игнорируется, кроме случая, когда указывается, что функция не является __declspec(nothrow)
C:\Users\maksd\source\repos\Lab_6_1\Lab_6_1\Array.h(41,48): warning C4290: спецификация исключений C++ игнорируется, кроме случая, когда указывается, что функция не является __declspec(nothrow)
C:\Users\maksd\source\repos\Lab_6_1\Lab_6_1\Array.h(43,52): warning C4290: спецификация исключений C++ игнорируется, кроме случая, когда указывается, что функция не является __declspec(nothrow)
C:\Users\maksd\source\repos\Lab_6_1\Lab_6_1\Array.h(44,64): warning C4290: спецификация исключений C++ игнорируется, кроме случая, когда указывается, что функция не является __declspec(nothrow)
C:\Users\maksd\source\repos\Lab_6_1\Lab_6_1\Array.h(60,44): warning C4290: спецификация исключений C++ игнорируется, кроме случая, когда указывается, что функция не является __declspec(nothrow)
  Создание кода...
  Lab_6_1.vcxproj -> C:\Users\maksd\source\repos\Lab_6_1\Debug\Lab_6_1.exe
